2024-03-22 14:17:21,139 UTC DEBUG    test_playlists   Setup Class method
2024-03-22 14:17:21,158 UTC INFO     conftest         -----Test 'test_get_user_playlists' STARTED.-----
2024-03-22 14:17:21,958 UTC DEBUG    helpers.rest_client  Status code 200 
2024-03-22 14:17:21,979 UTC DEBUG    helpers.rest_client  Response Content {
  "href" : "https://api.spotify.com/v1/users/312vih3vepthrzoqcnalign7ub74/playlists?offset=0&limit=20",
  "items" : [ {
    "collaborative" : false,
    "description" : "",
    "external_urls" : {
      "spotify" : "https://open.spotify.com/playlist/5q6OiFSMCoxPythXcLMyGR"
    },
    "href" : "https://api.spotify.com/v1/playlists/5q6OiFSMCoxPythXcLMyGR",
    "id" : "5q6OiFSMCoxPythXcLMyGR",
    "images" : [ {
      "height" : 640,
      "url" : "https://i.scdn.co/image/ab67616d0000b273e542fbcf1a83b7c726eb50a6",
      "width" : 640
    } ],
    "name" : "My Playlist #1",
    "owner" : {
      "display_name" : "LucioBP",
      "external_urls" : {
        "spotify" : "https://open.spotify.com/user/312vih3vepthrzoqcnalign7ub74"
      },
      "href" : "https://api.spotify.com/v1/users/312vih3vepthrzoqcnalign7ub74",
      "id" : "312vih3vepthrzoqcnalign7ub74",
      "type" : "user",
      "uri" : "spotify:user:312vih3vepthrzoqcnalign7ub74"
    },
    "primary_color" : null,
    "public" : true,
    "snapshot_id" : "MixkYWEwZmYyMTI2ODI2NGQ4MjZhYzE2MmNiZjg1Y2M0ZTA4ZjZmZDcz",
    "tracks" : {
      "href" : "https://api.spotify.com/v1/playlists/5q6OiFSMCoxPythXcLMyGR/tracks",
      "total" : 1
    },
    "type" : "playlist",
    "uri" : "spotify:playlist:5q6OiFSMCoxPythXcLMyGR"
  } ],
  "limit" : 20,
  "next" : null,
  "offset" : 0,
  "previous" : null,
  "total" : 1
} 
2024-03-22 14:17:21,993 UTC INFO     test_playlists   Response from get user playlists: {'href': 'https://api.spotify.com/v1/users/312vih3vepthrzoqcnalign7ub74/playlists?offset=0&limit=20', 'items': [{'collaborative': False, 'description': '', 'external_urls': {'spotify': 'https://open.spotify.com/playlist/5q6OiFSMCoxPythXcLMyGR'}, 'href': 'https://api.spotify.com/v1/playlists/5q6OiFSMCoxPythXcLMyGR', 'id': '5q6OiFSMCoxPythXcLMyGR', 'images': [{'height': 640, 'url': 'https://i.scdn.co/image/ab67616d0000b273e542fbcf1a83b7c726eb50a6', 'width': 640}], 'name': 'My Playlist #1', 'owner': {'display_name': 'LucioBP', 'external_urls': {'spotify': 'https://open.spotify.com/user/312vih3vepthrzoqcnalign7ub74'}, 'href': 'https://api.spotify.com/v1/users/312vih3vepthrzoqcnalign7ub74', 'id': '312vih3vepthrzoqcnalign7ub74', 'type': 'user', 'uri': 'spotify:user:312vih3vepthrzoqcnalign7ub74'}, 'primary_color': None, 'public': True, 'snapshot_id': 'MixkYWEwZmYyMTI2ODI2NGQ4MjZhYzE2MmNiZjg1Y2M0ZTA4ZjZmZDcz', 'tracks': {'href': 'https://api.spotify.com/v1/playlists/5q6OiFSMCoxPythXcLMyGR/tracks', 'total': 1}, 'type': 'playlist', 'uri': 'spotify:playlist:5q6OiFSMCoxPythXcLMyGR'}], 'limit': 20, 'next': None, 'offset': 0, 'previous': None, 'total': 1}
2024-03-22 14:17:22,008 UTC INFO     test_playlists   Status code: 200
2024-03-22 14:17:22,024 UTC INFO     conftest         -----Test 'test_get_user_playlists' COMPLETED.-----
2024-03-22 14:17:22,034 UTC INFO     conftest         -----Test 'test_create_playlist' STARTED.-----
2024-03-22 14:17:22,764 UTC INFO     test_playlists   Response from create playlist: {'error': {'status': 403, 'message': 'This request requires user authentication.'}}
2024-03-22 14:17:22,776 UTC INFO     test_playlists   Status code: 403
2024-03-22 14:17:22,784 UTC INFO     test_playlists   dict_items([('error', {'status': 403, 'message': 'This request requires user authentication.'})])
2024-03-22 14:17:22,792 UTC INFO     conftest         -----Test 'test_create_playlist' COMPLETED.-----
