2024-04-01 23:40:47,440 UTC DEBUG    test_playlists   Setup Class method
2024-04-01 23:40:47,457 UTC INFO     conftest         ---------- TEST 'test_get_user_playlists' STARTED.---------- 
2024-04-01 23:40:48,914 UTC DEBUG    helpers.rest_client  Status code 401 
2024-04-01 23:40:48,936 UTC DEBUG    helpers.rest_client  Response Content {
  "error": {
    "status": 401,
    "message": "The access token expired"
  }
} 
2024-04-01 23:40:48,944 UTC ERROR    helpers.rest_client  HTTP error: 401 Client Error: Unauthorized for url: https://api.spotify.com/v1/users/312vih3vepthrzoqcnalign7ub74/playlists
2024-04-01 23:40:49,311 UTC INFO     conftest         ----------  TEST'test_get_user_playlists' COMPLETED.---------- 
2024-04-01 23:40:49,318 UTC INFO     conftest         ---------- TEST 'test_create_playlist' STARTED.---------- 
2024-04-01 23:40:49,685 UTC DEBUG    helpers.rest_client  Status code 401 
2024-04-01 23:40:49,692 UTC DEBUG    helpers.rest_client  Response Content {
  "error": {
    "status": 401,
    "message": "The access token expired"
  }
} 
2024-04-01 23:40:49,700 UTC ERROR    helpers.rest_client  HTTP error: 401 Client Error: Unauthorized for url: https://api.spotify.com/v1/users/312vih3vepthrzoqcnalign7ub74/playlists
2024-04-01 23:40:49,716 UTC INFO     conftest         ----------  TEST'test_create_playlist' COMPLETED.---------- 
2024-04-01 23:40:51,092 UTC DEBUG    helpers.rest_client  Status code 401 
2024-04-01 23:40:51,111 UTC DEBUG    helpers.rest_client  Response Content {
  "error": {
    "status": 401,
    "message": "The access token expired"
  }
} 
2024-04-01 23:40:51,129 UTC ERROR    helpers.rest_client  HTTP error: 401 Client Error: Unauthorized for url: https://api.spotify.com/v1/users/312vih3vepthrzoqcnalign7ub74/playlists
2024-04-01 23:40:51,152 UTC DEBUG    conftest         Create playlist From Fixture
2024-04-01 23:40:52,451 UTC DEBUG    helpers.rest_client  Status code 401 
2024-04-01 23:40:52,461 UTC DEBUG    helpers.rest_client  Response Content {
  "error": {
    "status": 401,
    "message": "The access token expired"
  }
} 
2024-04-01 23:40:52,469 UTC ERROR    helpers.rest_client  HTTP error: 401 Client Error: Unauthorized for url: https://api.spotify.com/v1/users/312vih3vepthrzoqcnalign7ub74/playlists
2024-04-01 23:40:52,480 UTC INFO     conftest         ---------- TEST 'test_add_item_playlist' STARTED.---------- 
2024-04-01 23:40:52,494 UTC INFO     conftest         ----------  TEST'test_add_item_playlist' COMPLETED.---------- 
2024-04-01 23:40:52,500 UTC DEBUG    conftest         Create playlist From Fixture
2024-04-01 23:40:53,846 UTC DEBUG    helpers.rest_client  Status code 401 
2024-04-01 23:40:53,863 UTC DEBUG    helpers.rest_client  Response Content {
  "error": {
    "status": 401,
    "message": "The access token expired"
  }
} 
2024-04-01 23:40:53,882 UTC ERROR    helpers.rest_client  HTTP error: 401 Client Error: Unauthorized for url: https://api.spotify.com/v1/users/312vih3vepthrzoqcnalign7ub74/playlists
2024-04-01 23:40:53,895 UTC INFO     conftest         ---------- TEST 'test_remove_item_playlist' STARTED.---------- 
2024-04-01 23:40:53,911 UTC INFO     conftest         ----------  TEST'test_remove_item_playlist' COMPLETED.---------- 
