2024-04-16 05:38:34,132 UTC DEBUG    test_playlists   Setup Class method
2024-04-16 05:38:35,013 UTC DEBUG    helpers.rest_client  Status code 401 
2024-04-16 05:38:35,043 UTC DEBUG    helpers.rest_client  Response Content {
  "error": {
    "status": 401,
    "message": "The access token expired"
  }
} 
2024-04-16 05:38:35,055 UTC ERROR    helpers.rest_client  HTTP error: 401 Client Error: Unauthorized for url: https://api.spotify.com/v1/users/312vih3vepthrzoqcnalign7ub74/playlists
2024-04-16 05:38:35,070 UTC DEBUG    helpers.validate_response  Reading file C:\Users\lucio buitron\PycharmProjects\api_automation_2024_task4/spotify_api/input_data/get_all_playlists.json
2024-04-16 05:38:35,084 UTC DEBUG    helpers.validate_response  Content of 'C:\Users\lucio buitron\PycharmProjects\api_automation_2024_task4/spotify_api/input_data/get_all_playlists.json' : {'href': 'https://api.spotify.com/v1/users/312vih3vepthrzoqcnalign7ub74/playlists?offset=0&limit=50&locale=en%2Ces%3Bq%3D0.8%2Cit%3Bq%3D0.7%2Cde%3Bq%3D0.5%2Cpt-BR%3Bq%3D0.3%2Cfr%3Bq%3D0.2', 'limit': 50, 'next': 'https://api.spotify.com/v1/users/312vih3vepthrzoqcnalign7ub74/playlists?offset=50&limit=50&locale=en%2Ces%3Bq%3D0.8%2Cit%3Bq%3D0.7%2Cde%3Bq%3D0.5%2Cpt-BR%3Bq%3D0.3%2Cfr%3Bq%3D0.2', 'offset': 0, 'previous': None, 'total': 150, 'items': [{'collaborative': False, 'description': 'New Playlist description #04:52:21, Apr 16 2024 (From Fixture)', 'external_urls': {'spotify': 'https://open.spotify.com/playlist/6oLzpP9uQVwNTn2iQ0KN11'}, 'href': 'https://api.spotify.com/v1/playlists/6oLzpP9uQVwNTn2iQ0KN11', 'id': '6oLzpP9uQVwNTn2iQ0KN11', 'images': None, 'name': 'New Playlist #04:52:21, Apr 16 2024 (From Fixture)', 'owner': {'external_urls': {'spotify': 'https://open.spotify.com/user/312vih3vepthrzoqcnalign7ub74'}, 'href': 'https://api.spotify.com/v1/users/312vih3vepthrzoqcnalign7ub74', 'id': '312vih3vepthrzoqcnalign7ub74', 'type': 'user', 'uri': 'spotify:user:312vih3vepthrzoqcnalign7ub74', 'display_name': 'LucioBP'}, 'public': True, 'snapshot_id': 'MSw5OWU1ZTM0MDIxNjY3OTk2NTRjNThhODBiZGJmNTJmMTFjYzY1Zjg0', 'tracks': {'href': 'https://api.spotify.com/v1/playlists/6oLzpP9uQVwNTn2iQ0KN11/tracks', 'total': 0}, 'type': 'playlist', 'uri': 'spotify:playlist:6oLzpP9uQVwNTn2iQ0KN11', 'primary_color': None}]}
2024-04-16 05:38:35,358 UTC DEBUG    helpers.rest_client  Status code 401 
2024-04-16 05:38:35,370 UTC DEBUG    helpers.rest_client  Response Content {
  "error": {
    "status": 401,
    "message": "The access token expired"
  }
} 
2024-04-16 05:38:35,377 UTC ERROR    helpers.rest_client  HTTP error: 401 Client Error: Unauthorized for url: https://api.spotify.com/v1/users/312vih3vepthrzoqcnalign7ub74/playlists
2024-04-16 05:38:36,122 UTC DEBUG    helpers.rest_client  Status code 401 
2024-04-16 05:38:36,130 UTC DEBUG    helpers.rest_client  Response Content {
  "error": {
    "status": 401,
    "message": "The access token expired"
  }
} 
2024-04-16 05:38:36,138 UTC ERROR    helpers.rest_client  HTTP error: 401 Client Error: Unauthorized for url: https://api.spotify.com/v1/users/312vih3vepthrzoqcnalign7ub74/playlists
2024-04-16 05:38:36,160 UTC DEBUG    conftest         Create playlist From Fixture
2024-04-16 05:38:36,857 UTC DEBUG    helpers.rest_client  Status code 401 
2024-04-16 05:38:36,873 UTC DEBUG    helpers.rest_client  Response Content {
  "error": {
    "status": 401,
    "message": "The access token expired"
  }
} 
2024-04-16 05:38:36,890 UTC ERROR    helpers.rest_client  HTTP error: 401 Client Error: Unauthorized for url: https://api.spotify.com/v1/users/312vih3vepthrzoqcnalign7ub74/playlists
2024-04-16 05:38:36,913 UTC DEBUG    conftest         Create playlist From Fixture
2024-04-16 05:38:37,607 UTC DEBUG    helpers.rest_client  Status code 401 
2024-04-16 05:38:37,627 UTC DEBUG    helpers.rest_client  Response Content {
  "error": {
    "status": 401,
    "message": "The access token expired"
  }
} 
2024-04-16 05:38:37,641 UTC ERROR    helpers.rest_client  HTTP error: 401 Client Error: Unauthorized for url: https://api.spotify.com/v1/users/312vih3vepthrzoqcnalign7ub74/playlists
